mkdir: cannot create directory ‘/scratch/mne_data’: Permission denied

[notice] A new release of pip is available: 24.2 -> 26.1.2
[notice] To update, run: pip install --upgrade pip

[notice] A new release of pip is available: 24.2 -> 26.1.2
[notice] To update, run: pip install --upgrade pip
ERROR: Invalid requirement: 'Binary file requirements.txt matches': Expected end or semicolon (after name and no valid version specifier)
    Binary file requirements.txt matches
           ^ (from line 1 of /home/aleksander.berezowsk/requirements_notorch.txt)

[notice] A new release of pip is available: 24.2 -> 26.1.2
[notice] To update, run: pip install --upgrade pip

[notice] A new release of pip is available: 24.2 -> 26.1.2
[notice] To update, run: pip install --upgrade pip
/home/aleksander.berezowsk/spiking-eegnet/src/main.py:89: ExperimentalWarning: Argument ``multivariate`` is an experimental feature. The interface can change in the future.
  sampler=TPESampler(n_startup_trials=tpe_trails, multivariate=True, group=True)
/home/aleksander.berezowsk/spiking-eegnet/src/main.py:89: ExperimentalWarning: Argument ``group`` is an experimental feature. The interface can change in the future.
  sampler=TPESampler(n_startup_trials=tpe_trails, multivariate=True, group=True)
[I 2026-06-20 13:34:27,810] Using an existing study with name 'snn_eegnet_v2_200_20' instead of creating a new one.
[I 2026-06-20 16:25:02,544] Trial 48 finished with value: 0.4556327160493827 and parameters: {'FLOW': 2.1478166174239615, 'FHIGH': 80.03826872989882, 'LR_EXP': -3.4012977682486625, 'DROPOUT': 0.4439129251870293, 'BETA': 0.7140548867682156, 'SPIKE_GRAD_SLOPE': 11.510828294975969, 'TEMPORAL_FILTERS': 31, 'DEPTH_MULTIPLIER': 4, 'POINTWISE_FILTERS': 41, 'TEMPORAL_KERNEL_DIV': 6, 'SEPARABLE_KERNEL_SIZE': 12, 'POOL1_SIZE': 6, 'POOL2_SIZE': 8, 'NORM_AXIS': 'no_channel'}. Best is trial 40 with value: 0.46836419753086417.
[I 2026-06-20 19:15:08,319] Trial 53 finished with value: 0.46219135802469136 and parameters: {'FLOW': 2.547901267473284, 'FHIGH': 75.82701321353449, 'LR_EXP': -3.4047459399095925, 'DROPOUT': 0.34444060394447695, 'BETA': 0.7391693930898741, 'SPIKE_GRAD_SLOPE': 15.874733969152445, 'TEMPORAL_FILTERS': 31, 'DEPTH_MULTIPLIER': 4, 'POINTWISE_FILTERS': 33, 'TEMPORAL_KERNEL_DIV': 6, 'SEPARABLE_KERNEL_SIZE': 6, 'POOL1_SIZE': 6, 'POOL2_SIZE': 7, 'NORM_AXIS': 'no_channel'}. Best is trial 40 with value: 0.46836419753086417.
[I 2026-06-20 21:45:52,333] Trial 58 finished with value: 0.4610339506172839 and parameters: {'FLOW': 3.568390415162577, 'FHIGH': 105.99448353643079, 'LR_EXP': -3.605949594429555, 'DROPOUT': 0.41536892141697124, 'BETA': 0.654569185154405, 'SPIKE_GRAD_SLOPE': 9.40676083290803, 'TEMPORAL_FILTERS': 27, 'DEPTH_MULTIPLIER': 4, 'POINTWISE_FILTERS': 58, 'TEMPORAL_KERNEL_DIV': 8, 'SEPARABLE_KERNEL_SIZE': 13, 'POOL1_SIZE': 3, 'POOL2_SIZE': 5, 'NORM_AXIS': 'no_channel'}. Best is trial 55 with value: 0.48398919753086417.
[I 2026-06-21 00:45:45,767] Trial 62 finished with value: 0.45601851851851855 and parameters: {'FLOW': 1.5349210464652263, 'FHIGH': 116.79171495276522, 'LR_EXP': -3.2592249380819105, 'DROPOUT': 0.3138057852381896, 'BETA': 0.7464990312390775, 'SPIKE_GRAD_SLOPE': 22.731491099849038, 'TEMPORAL_FILTERS': 32, 'DEPTH_MULTIPLIER': 4, 'POINTWISE_FILTERS': 63, 'TEMPORAL_KERNEL_DIV': 6, 'SEPARABLE_KERNEL_SIZE': 12, 'POOL1_SIZE': 2, 'POOL2_SIZE': 6, 'NORM_AXIS': 'no_channel'}. Best is trial 55 with value: 0.48398919753086417.
[I 2026-06-21 03:01:26,826] Trial 66 finished with value: 0.4330632716049383 and parameters: {'FLOW': 4.748682068898362, 'FHIGH': 43.95667217175138, 'LR_EXP': -3.2110195631246166, 'DROPOUT': 0.36744455629897094, 'BETA': 0.7256984471810267, 'SPIKE_GRAD_SLOPE': 40.43205210493644, 'TEMPORAL_FILTERS': 23, 'DEPTH_MULTIPLIER': 4, 'POINTWISE_FILTERS': 9, 'TEMPORAL_KERNEL_DIV': 6, 'SEPARABLE_KERNEL_SIZE': 10, 'POOL1_SIZE': 8, 'POOL2_SIZE': 5, 'NORM_AXIS': 'no_channel'}. Best is trial 55 with value: 0.48398919753086417.
[I 2026-06-21 05:44:24,085] Trial 70 finished with value: 0.4174382716049383 and parameters: {'FLOW': 9.058832407479775, 'FHIGH': 90.28306891370413, 'LR_EXP': -4.118148427853498, 'DROPOUT': 0.3507916736497618, 'BETA': 0.5442547189777742, 'SPIKE_GRAD_SLOPE': 13.213341439498933, 'TEMPORAL_FILTERS': 28, 'DEPTH_MULTIPLIER': 4, 'POINTWISE_FILTERS': 9, 'TEMPORAL_KERNEL_DIV': 5, 'SEPARABLE_KERNEL_SIZE': 12, 'POOL1_SIZE': 2, 'POOL2_SIZE': 8, 'NORM_AXIS': 'no_channel'}. Best is trial 55 with value: 0.48398919753086417.
[I 2026-06-21 08:32:16,184] Trial 74 finished with value: 0.4104938271604939 and parameters: {'FLOW': 8.330840717789606, 'FHIGH': 110.17820897955292, 'LR_EXP': -3.800556034142008, 'DROPOUT': 0.42425169534346435, 'BETA': 0.7517457468913382, 'SPIKE_GRAD_SLOPE': 1.9983574776370494, 'TEMPORAL_FILTERS': 31, 'DEPTH_MULTIPLIER': 4, 'POINTWISE_FILTERS': 49, 'TEMPORAL_KERNEL_DIV': 7, 'SEPARABLE_KERNEL_SIZE': 4, 'POOL1_SIZE': 4, 'POOL2_SIZE': 8, 'NORM_AXIS': 'no_channel'}. Best is trial 55 with value: 0.48398919753086417.
[I 2026-06-21 10:44:03,458] Trial 79 finished with value: 0.46392746913580246 and parameters: {'FLOW': 3.910797086119521, 'FHIGH': 115.60586122628912, 'LR_EXP': -3.4972965520401065, 'DROPOUT': 0.5464694841340634, 'BETA': 0.6670784835627459, 'SPIKE_GRAD_SLOPE': 11.90296605218304, 'TEMPORAL_FILTERS': 23, 'DEPTH_MULTIPLIER': 4, 'POINTWISE_FILTERS': 52, 'TEMPORAL_KERNEL_DIV': 8, 'SEPARABLE_KERNEL_SIZE': 11, 'POOL1_SIZE': 4, 'POOL2_SIZE': 4, 'NORM_AXIS': 'no_channel'}. Best is trial 77 with value: 0.4922839506172839.
[I 2026-06-21 12:34:47,593] Trial 83 finished with value: 0.4388503086419753 and parameters: {'FLOW': 3.588079457905259, 'FHIGH': 72.68304134157692, 'LR_EXP': -2.5118745048901197, 'DROPOUT': 0.5173985628024367, 'BETA': 0.5343347276338942, 'SPIKE_GRAD_SLOPE': 4.854636636614204, 'TEMPORAL_FILTERS': 16, 'DEPTH_MULTIPLIER': 4, 'POINTWISE_FILTERS': 39, 'TEMPORAL_KERNEL_DIV': 6, 'SEPARABLE_KERNEL_SIZE': 16, 'POOL1_SIZE': 2, 'POOL2_SIZE': 7, 'NORM_AXIS': 'no_channel'}. Best is trial 77 with value: 0.4922839506172839.
